2023-11-02 16:32:57,977 - gptbot - INFO - ΂
2023-11-02 16:41:44,214 - gptbot - INFO - 
2023-11-02 16:41:48,607 - gptbot - INFO - 
2023-11-02 16:41:55,472 - gptbot - INFO - 
2023-11-02 16:41:56,179 - gptbot - INFO - aaa
2023-11-02 16:43:44,197 - gptbot - INFO - 
2023-11-02 16:43:44,556 - gptbot - INFO - 
2023-11-02 16:52:30,802 - gptbot - INFO - ΂

2023-11-02 16:54:27,369 - gptbot - INFO - ΂
2023-11-08 22:55:38,543 - gptbot - INFO - はろー
2023-11-08 22:56:29,921 - gptbot - INFO - はろー
2023-11-08 22:56:52,817 - gptbot - INFO - 
2023-11-08 22:56:58,904 - gptbot - INFO - はろー
2023-11-08 22:58:20,701 - gptbot - INFO - はろー
2023-11-08 23:10:07,236 - gptbot - INFO - はろー
2023-11-09 07:27:44,480 - gptbot - INFO - はろー
2023-11-09 07:27:47,953 - gptbot - INFO - こんにちは！ご質問がありますか？お手伝いできることがあれば教えてください。
2023-11-09 07:30:21,883 - gptbot - INFO - はろー
2023-11-09 07:30:24,013 - gptbot - INFO - こんにちは！どのようにお手伝いできますか？
2023-11-09 08:00:24,094 - gptbot - INFO - test
2023-11-09 08:00:30,516 - gptbot - INFO - こんにちは！テストに関する質問がありましたか？私にどのようにお手伝いできるでしょうか？
